{"level":"error","message":"Failed to initialize trading bot: secureConfig.getAllConfigs is not a function","stack":"TypeError: secureConfig.getAllConfigs is not a function\n    at TradingBot.initialize (file:///C:/Users/Test/Desktop/NO%20API/DeFiSniperMain/src/trading/TradingBot.js:13:42)\n    at main (file:///C:/Users/Test/Desktop/NO%20API/DeFiSniperMain/src/index.js:12:19)","timestamp":"2025-03-01T01:21:55.163Z"}
{"level":"info","message":"Trading bot initialized with existing exchange connectors","timestamp":"2025-03-01T01:24:57.226Z"}
{"level":"info","message":"Starting trading on binance-us","timestamp":"2025-03-01T01:24:57.229Z"}
{"level":"info","message":"Starting trading on crypto-com","timestamp":"2025-03-01T01:24:57.230Z"}
{"level":"info","message":"Trading bot started successfully","timestamp":"2025-03-01T01:24:57.230Z"}
{"level":"info","message":"Bot started successfully","timestamp":"2025-03-01T01:24:57.230Z"}
{"level":"info","message":"Trading bot initialized with existing exchange connectors","timestamp":"2025-03-01T01:25:30.601Z"}
{"level":"info","message":"Starting trading on binance-us","timestamp":"2025-03-01T01:25:30.604Z"}
{"level":"info","message":"Starting trading on crypto-com","timestamp":"2025-03-01T01:25:30.604Z"}
{"level":"info","message":"Trading bot started successfully","timestamp":"2025-03-01T01:25:30.605Z"}
{"level":"info","message":"Bot started successfully","timestamp":"2025-03-01T01:25:30.605Z"}
{"level":"info","message":"Trading bot initialized with existing exchange connectors","timestamp":"2025-03-01T08:39:14.848Z"}
{"level":"info","message":"Starting trading on binance-us","timestamp":"2025-03-01T08:39:14.851Z"}
{"level":"info","message":"Starting trading on crypto-com","timestamp":"2025-03-01T08:39:14.851Z"}
{"level":"info","message":"Trading bot started successfully","timestamp":"2025-03-01T08:39:14.851Z"}
{"level":"info","message":"Bot started successfully","timestamp":"2025-03-01T08:39:14.851Z"}
{"level":"info","message":"Trading bot initialized with existing exchange connectors","timestamp":"2025-03-01T08:40:34.817Z"}
{"level":"info","message":"Starting trading on binance-us","timestamp":"2025-03-01T08:40:34.820Z"}
{"level":"info","message":"Starting trading on crypto-com","timestamp":"2025-03-01T08:40:34.820Z"}
{"level":"info","message":"Trading bot started successfully","timestamp":"2025-03-01T08:40:34.820Z"}
{"level":"info","message":"Bot started successfully","timestamp":"2025-03-01T08:40:34.820Z"}
{"level":"info","message":"Trading bot initialized with existing exchange connectors","timestamp":"2025-03-01T08:51:19.161Z"}
{"level":"info","message":"Starting trading on binance-us","timestamp":"2025-03-01T08:51:19.164Z"}
{"level":"info","message":"Starting trading on crypto-com","timestamp":"2025-03-01T08:51:19.164Z"}
{"level":"info","message":"Trading bot started successfully","timestamp":"2025-03-01T08:51:19.164Z"}
{"level":"info","message":"Backend trading bot server running on port 5000","timestamp":"2025-03-01T08:51:19.167Z"}
{"config":{"binanceUS":{"apiKey":"","secretKey":""},"cryptoCom":{"apiKey":"","secretKey":""},"infura":{"projectId":"","projectSecret":""},"metamask":{"privateKey":""}},"level":"info","message":"Trading bot initialized with existing exchange connectors","timestamp":"2025-03-01T09:06:11.105Z"}
{"level":"warn","message":"Binance.US API keys not configured.","timestamp":"2025-03-01T09:06:11.107Z"}
{"level":"warn","message":"Crypto.com API keys not configured.","timestamp":"2025-03-01T09:06:11.108Z"}
{"level":"warn","message":"Infura configuration not set.","timestamp":"2025-03-01T09:06:11.108Z"}
{"level":"warn","message":"MetaMask private key not configured.","timestamp":"2025-03-01T09:06:11.108Z"}
{"level":"info","message":"Trading bot started successfully.","timestamp":"2025-03-01T09:06:11.108Z"}
{"level":"info","message":"Backend trading bot server running on port 5000","timestamp":"2025-03-01T09:06:11.111Z"}
